-------------------------------------------------------------------------------
Test set: org.mahmoud.fastqueue.HttpApiTest
-------------------------------------------------------------------------------
Tests run: 5, Failures: 1, Errors: 0, Skipped: 0, Time elapsed: 6.633 s <<< FAILURE! -- in org.mahmoud.fastqueue.HttpApiTest
org.mahmoud.fastqueue.HttpApiTest.testMultipleMessages -- Time elapsed: 2.167 s <<< FAILURE!
org.opentest4j.AssertionFailedError: Message 1 not found after retries ==> expected: <true> but was: <false>
	at org.junit.jupiter.api.AssertionFailureBuilder.build(AssertionFailureBuilder.java:151)
	at org.junit.jupiter.api.AssertionFailureBuilder.buildAndThrow(AssertionFailureBuilder.java:132)
	at org.junit.jupiter.api.AssertTrue.failNotTrue(AssertTrue.java:63)
	at org.junit.jupiter.api.AssertTrue.assertTrue(AssertTrue.java:36)
	at org.junit.jupiter.api.Assertions.assertTrue(Assertions.java:214)
	at org.mahmoud.fastqueue.HttpApiTest.testMultipleMessages(HttpApiTest.java:198)
	at java.base/java.lang.reflect.Method.invoke(Method.java:565)
	at java.base/java.util.ArrayList.forEach(ArrayList.java:1604)
	at java.base/java.util.ArrayList.forEach(ArrayList.java:1604)

