<?xml version="1.0" encoding="UTF-8"?>
<testsuite xmlns:xsi="http://www.w3.org/2001/XMLSchema-instance" xsi:noNamespaceSchemaLocation="https://maven.apache.org/surefire/maven-surefire-plugin/xsd/surefire-test-report-3.0.xsd" version="3.0" name="org.mahmoud.fastqueue.HttpApiTest" time="6.633" tests="5" errors="0" skipped="0" failures="1">
  <properties>
[...]
</properties>
  <testcase name="testHealthEndpoint" classname="org.mahmoud.fastqueue.HttpApiTest" time="1.387">
    <system-out><![CDATA[2025-10-05 02:27:01.917 [main] INFO  o.m.f.server.http.JettyHttpServer - FastQueue2 Jetty HTTP Server started on port 8080
2025-10-05 02:27:03.138 [main] INFO  o.m.f.server.http.JettyHttpServer - FastQueue2 Jetty HTTP Server stopped
]]></system-out>
  </testcase>
  <testcase name="testPublishAndConsumeMessage" classname="org.mahmoud.fastqueue.HttpApiTest" time="1.044">
    <system-out><![CDATA[2025-10-05 02:27:03.142 [main] INFO  o.m.f.server.http.JettyHttpServer - FastQueue2 Jetty HTTP Server started on port 8080
2025-10-05 02:27:04.174 [qtp1869247587-58] INFO  o.m.f.server.http.JettyHttpServer - Publishing message to topic: test-topic
2025-10-05 02:27:04.179 [qtp1869247587-58] INFO  o.m.f.server.http.JettyHttpServer - Message published successfully to topic: test-topic with offset: 0
2025-10-05 02:27:04.184 [main] INFO  o.m.f.server.http.JettyHttpServer - FastQueue2 Jetty HTTP Server stopped
]]></system-out>
  </testcase>
  <testcase name="testMultipleMessages" classname="org.mahmoud.fastqueue.HttpApiTest" time="2.167">
    <failure message="Message 1 not found after retries ==&gt; expected: &lt;true&gt; but was: &lt;false&gt;" type="org.opentest4j.AssertionFailedError"><![CDATA[org.opentest4j.AssertionFailedError: Message 1 not found after retries ==> expected: <true> but was: <false>
	at org.junit.jupiter.api.AssertionFailureBuilder.build(AssertionFailureBuilder.java:151)
	at org.junit.jupiter.api.AssertionFailureBuilder.buildAndThrow(AssertionFailureBuilder.java:132)
	at org.junit.jupiter.api.AssertTrue.failNotTrue(AssertTrue.java:63)
	at org.junit.jupiter.api.AssertTrue.assertTrue(AssertTrue.java:36)
	at org.junit.jupiter.api.Assertions.assertTrue(Assertions.java:214)
	at org.mahmoud.fastqueue.HttpApiTest.testMultipleMessages(HttpApiTest.java:198)
	at java.base/java.lang.reflect.Method.invoke(Method.java:565)
	at java.base/java.util.ArrayList.forEach(ArrayList.java:1604)
	at java.base/java.util.ArrayList.forEach(ArrayList.java:1604)
]]></failure>
    <system-out><![CDATA[2025-10-05 02:27:04.191 [main] INFO  o.m.f.server.http.JettyHttpServer - FastQueue2 Jetty HTTP Server started on port 8080
2025-10-05 02:27:05.198 [qtp2111247080-70] INFO  o.m.f.server.http.JettyHttpServer - Publishing message to topic: multi-topic
2025-10-05 02:27:05.202 [qtp2111247080-70] INFO  o.m.f.server.http.JettyHttpServer - Message published successfully to topic: multi-topic with offset: 0
2025-10-05 02:27:05.204 [qtp2111247080-65] INFO  o.m.f.server.http.JettyHttpServer - Publishing message to topic: multi-topic
2025-10-05 02:27:05.205 [qtp2111247080-65] INFO  o.m.f.server.http.JettyHttpServer - Message published successfully to topic: multi-topic with offset: 1
2025-10-05 02:27:05.206 [qtp2111247080-71] INFO  o.m.f.server.http.JettyHttpServer - Publishing message to topic: multi-topic
2025-10-05 02:27:05.207 [qtp2111247080-71] INFO  o.m.f.server.http.JettyHttpServer - Message published successfully to topic: multi-topic with offset: 2
2025-10-05 02:27:05.208 [qtp2111247080-70] INFO  o.m.f.server.http.JettyHttpServer - Publishing message to topic: multi-topic
2025-10-05 02:27:05.209 [qtp2111247080-70] INFO  o.m.f.server.http.JettyHttpServer - Message published successfully to topic: multi-topic with offset: 3
2025-10-05 02:27:05.210 [qtp2111247080-71] INFO  o.m.f.server.http.JettyHttpServer - Publishing message to topic: multi-topic
2025-10-05 02:27:05.210 [qtp2111247080-71] INFO  o.m.f.server.http.JettyHttpServer - Message published successfully to topic: multi-topic with offset: 4
2025-10-05 02:27:06.350 [main] INFO  o.m.f.server.http.JettyHttpServer - FastQueue2 Jetty HTTP Server stopped
]]></system-out>
  </testcase>
  <testcase name="testMetricsEndpoint" classname="org.mahmoud.fastqueue.HttpApiTest" time="1.012">
    <system-out><![CDATA[2025-10-05 02:27:06.356 [main] INFO  o.m.f.server.http.JettyHttpServer - FastQueue2 Jetty HTTP Server started on port 8080
2025-10-05 02:27:07.365 [main] INFO  o.m.f.server.http.JettyHttpServer - FastQueue2 Jetty HTTP Server stopped
]]></system-out>
  </testcase>
  <testcase name="testTopicsEndpoint" classname="org.mahmoud.fastqueue.HttpApiTest" time="1.017">
    <system-out><![CDATA[2025-10-05 02:27:07.367 [main] INFO  o.m.f.server.http.JettyHttpServer - FastQueue2 Jetty HTTP Server started on port 8080
2025-10-05 02:27:08.382 [main] INFO  o.m.f.server.http.JettyHttpServer - FastQueue2 Jetty HTTP Server stopped
]]></system-out>
  </testcase>
</testsuite>